Update MagentrixSun May 28 08:30:03 2017
events OK
accounts OK
Testimonials OK
end
Update salesforceSun May 28 07:31:53 2017
courses OK
events OK
Sponsors OK
'str' object has no attribute 'timezone'
-----------------------------------Update MagentrixSun May 28 08:50:02 2017
events OK
accounts OK
Testimonials OK
end
Update salesforceSun May 28 07:51:44 2017
courses OK
events OK
Sponsors OK
Sessions OK
list indices must be integers, not str
Update MagentrixSun May 28 09:05:03 2017
events OK
accounts OK
Testimonials OK
end
Update salesforceSun May 28 08:06:44 2017
courses OK
events OK
Sponsors OK
Sessions OK
list indices must be integers, not str
Update MagentrixSun May 28 09:20:03 2017
events OK
accounts OK
Testimonials OK
end
Update salesforceSun May 28 08:21:45 2017
courses OK
events OK
Sponsors OK
Sessions OK
list indices must be integers, not str
-----------------------------------
Update MagentrixSun May 28 09:40:02 2017
events OK
accounts OK
Testimonials OK
end
Update salesforceSun May 28 08:41:51 2017
courses OK
events OK
Sponsors OK
Sessions OK
Speakers OK
contents OK
Mark contents OK
LNX Images OK
Testimonials OK
End: 12 calls
Update MagentrixSun May 28 09:55:02 2017
events OK
accounts OK
Testimonials OK
end
Update salesforceSun May 28 08:56:44 2017
courses OK
events OK
Sponsors OK
Sessions OK
Speakers OK
contents OK
Mark contents OK
LNX Images OK
Testimonials OK
End: 12 calls
Update MagentrixSun May 28 10:15:03 2017
events OK
accounts OK
Testimonials OK
end
Update salesforceSun May 28 09:16:43 2017
courses OK
events OK
Sponsors OK
Sessions OK
Speakers OK
contents OK
Mark contents OK
LNX Images OK
Testimonials OK
End: 12 calls
Update MagentrixSun May 28 10:30:03 2017
events OK
accounts OK
Testimonials OK
end
Update salesforceSun May 28 09:31:45 2017
courses OK
events OK
Sponsors OK
Sessions OK
Speakers OK
contents OK
Mark contents OK
LNX Images OK
Testimonials OK
End: 12 calls
Update MagentrixSun May 28 10:50:02 2017
events OK
accounts OK
Testimonials OK
end
Update salesforceSun May 28 09:51:42 2017
courses OK
events OK
Sponsors OK
Sessions OK
Speakers OK
contents OK
Mark contents OK
LNX Images OK
Testimonials OK
End: 12 calls
Update MagentrixSun May 28 11:10:02 2017
events OK
accounts OK
Testimonials OK
end
Update salesforceSun May 28 10:11:33 2017
courses OK
events OK
Sponsors OK
Sessions OK
Speakers OK
contents OK
Mark contents OK
LNX Images OK
Testimonials OK
End: 12 calls
Update MagentrixSun May 28 11:30:02 2017
events OK
accounts OK
Testimonials OK
end
Update salesforceSun May 28 10:31:30 2017
courses OK
events OK
Sponsors OK
Sessions OK
Speakers OK
contents OK
Mark contents OK
LNX Images OK
Testimonials OK
End: 12 calls
Update MagentrixSun May 28 11:45:03 2017
events OK
accounts OK
Testimonials OK
end
Update salesforceSun May 28 10:46:40 2017
courses OK
events OK
Sponsors OK
Sessions OK
Speakers OK
contents OK
Mark contents OK
LNX Images OK
Testimonials OK
End: 12 calls
Update MagentrixSun May 28 12:05:02 2017
events OK
accounts OK
Testimonials OK
end
Update salesforceSun May 28 11:06:50 2017
courses OK
events OK
Sponsors OK
Sessions OK
Speakers OK
contents OK
Mark contents OK
LNX Images OK
Testimonials OK
End: 12 calls
Update MagentrixSun May 28 12:25:02 2017
events OK
accounts OK
Testimonials OK
end
Update salesforceSun May 28 11:26:41 2017
courses OK
events OK
Sponsors OK
Sessions OK
Speakers OK
contents OK
Mark contents OK
LNX Images OK
Testimonials OK
End: 12 calls
Update MagentrixSun May 28 12:40:02 2017
events OK
accounts OK
Testimonials OK
end
Update salesforceSun May 28 11:41:43 2017
courses OK
events OK
Sponsors OK
Sessions OK
Speakers OK
contents OK
Mark contents OK
LNX Images OK
Testimonials OK
End: 12 calls
Update MagentrixSun May 28 12:55:02 2017
events OK
accounts OK
Testimonials OK
end
Update salesforceSun May 28 11:56:41 2017
courses OK
events OK
Sponsors OK
Sessions OK
Speakers OK
contents OK
Mark contents OK
LNX Images OK
Testimonials OK
End: 12 calls
Update MagentrixSun May 28 13:10:03 2017
events OK
accounts OK
Testimonials OK
end
Update salesforceSun May 28 12:11:32 2017
courses OK
events OK
Sponsors OK
Sessions OK
Speakers OK
contents OK
Mark contents OK
LNX Images OK
Testimonials OK
End: 12 calls
Update MagentrixSun May 28 13:30:02 2017
events OK
accounts OK
Testimonials OK
end
Update salesforceSun May 28 12:31:52 2017
courses OK
events OK
Sponsors OK
Sessions OK
Speakers OK
contents OK
Mark contents OK
LNX Images OK
Testimonials OK
End: 12 calls
Update MagentrixSun May 28 13:45:02 2017
events OK
accounts OK
Testimonials OK
end
Update salesforceSun May 28 12:47:14 2017
courses OK
events OK
Sponsors OK
Sessions OK
Speakers OK
contents OK
Mark contents OK
LNX Images OK
Testimonials OK
End: 12 calls
Update MagentrixSun May 28 14:05:02 2017
events OK
accounts OK
Testimonials OK
end
Update salesforceSun May 28 13:06:43 2017
courses OK
events OK
Sponsors OK
Sessions OK
Speakers OK
contents OK
Mark contents OK
LNX Images OK
Testimonials OK
End: 12 calls
Update MagentrixSun May 28 14:25:02 2017
events OK
accounts OK
Testimonials OK
end
Update salesforceSun May 28 13:26:40 2017
courses OK
events OK
Sponsors OK
Sessions OK
Speakers OK
contents OK
Mark contents OK
LNX Images OK
Testimonials OK
End: 12 calls
Update MagentrixSun May 28 14:45:02 2017
events OK
accounts OK
Testimonials OK
end
Update salesforceSun May 28 13:46:51 2017
courses OK
events OK
Sponsors OK
Sessions OK
Speakers OK
contents OK
Mark contents OK
LNX Images OK
Testimonials OK
End: 12 calls
Update MagentrixSun May 28 15:05:02 2017
events OK
accounts OK
Testimonials OK
end
Update salesforceSun May 28 14:06:44 2017
courses OK
events OK
Sponsors OK
Sessions OK
Speakers OK
contents OK
Mark contents OK
LNX Images OK
Testimonials OK
End: 12 calls
Update MagentrixSun May 28 15:25:02 2017
events OK
accounts OK
Testimonials OK
end
Update salesforceSun May 28 14:26:44 2017
courses OK
events OK
Sponsors OK
Sessions OK
Speakers OK
contents OK
Mark contents OK
LNX Images OK
Testimonials OK
End: 12 calls
Update MagentrixSun May 28 15:45:03 2017
events OK
accounts OK
Testimonials OK
end
Update salesforceSun May 28 14:46:52 2017
courses OK
events OK
Sponsors OK
Sessions OK
Speakers OK
contents OK
Mark contents OK
LNX Images OK
Testimonials OK
End: 12 calls
Update MagentrixSun May 28 16:05:02 2017
events OK
accounts OK
Testimonials OK
end
Update salesforceSun May 28 15:06:43 2017
courses OK
events OK
Sponsors OK
Sessions OK
Speakers OK
contents OK
Mark contents OK
LNX Images OK
Testimonials OK
End: 12 calls
Update MagentrixSun May 28 16:20:03 2017
events OK
accounts OK
Testimonials OK
end
Update salesforceSun May 28 15:21:52 2017
courses OK
events OK
Sponsors OK
Sessions OK
Speakers OK
contents OK
Mark contents OK
LNX Images OK
Testimonials OK
End: 12 calls
Update MagentrixSun May 28 16:40:03 2017
events OK
accounts OK
Testimonials OK
end
Update salesforceSun May 28 15:41:54 2017
courses OK
events OK
Sponsors OK
Sessions OK
Speakers OK
contents OK
Mark contents OK
LNX Images OK
Testimonials OK
End: 12 calls
Update MagentrixSun May 28 17:00:02 2017
events OK
accounts OK
Testimonials OK
end
Update salesforceSun May 28 16:01:50 2017
courses OK
events OK
Sponsors OK
Sessions OK
Speakers OK
contents OK
Mark contents OK
LNX Images OK
Testimonials OK
End: 12 calls
Update MagentrixSun May 28 17:15:03 2017
events OK
accounts OK
Testimonials OK
end
Update salesforceSun May 28 16:16:43 2017
courses OK
events OK
Sponsors OK
Sessions OK
Speakers OK
contents OK
Mark contents OK
LNX Images OK
Testimonials OK
End: 12 calls
Update MagentrixSun May 28 17:35:02 2017
events OK
accounts OK
Testimonials OK
end
Update salesforceSun May 28 16:36:46 2017
courses OK
events OK
Sponsors OK
Sessions OK
Speakers OK
contents OK
Mark contents OK
LNX Images OK
Testimonials OK
End: 12 calls
Update MagentrixSun May 28 17:50:03 2017
events OK
accounts OK
Testimonials OK
end
Update salesforceSun May 28 16:51:32 2017
courses OK
events OK
Sponsors OK
Sessions OK
Speakers OK
contents OK
Mark contents OK
LNX Images OK
Testimonials OK
End: 12 calls
Update MagentrixSun May 28 18:05:02 2017
events OK
accounts OK
Testimonials OK
end
Update salesforceSun May 28 17:06:48 2017
courses OK
events OK
Sponsors OK
Sessions OK
Speakers OK
contents OK
Mark contents OK
LNX Images OK
Testimonials OK
End: 12 calls
Update MagentrixSun May 28 18:25:03 2017
events OK
accounts OK
Testimonials OK
end
Update salesforceSun May 28 17:26:45 2017
courses OK
events OK
Sponsors OK
Sessions OK
Speakers OK
contents OK
Mark contents OK
LNX Images OK
Testimonials OK
End: 12 calls
Update MagentrixSun May 28 18:45:02 2017
events OK
accounts OK
Testimonials OK
end
Update salesforceSun May 28 17:46:43 2017
courses OK
events OK
Sponsors OK
Sessions OK
Speakers OK
contents OK
Mark contents OK
LNX Images OK
Testimonials OK
End: 12 calls
Update MagentrixSun May 28 19:05:03 2017
events OK
accounts OK
Testimonials OK
end
Update salesforceSun May 28 18:06:54 2017
courses OK
events OK
Sponsors OK
Sessions OK
Speakers OK
contents OK
Mark contents OK
LNX Images OK
Testimonials OK
End: 12 calls
Update MagentrixSun May 28 19:25:02 2017
events OK
accounts OK
Testimonials OK
end
Update salesforceSun May 28 18:26:32 2017
courses OK
events OK
Sponsors OK
Sessions OK
Speakers OK
contents OK
Mark contents OK
LNX Images OK
Testimonials OK
End: 12 calls
Update MagentrixSun May 28 19:40:02 2017
events OK
accounts OK
Testimonials OK
end
Update salesforceSun May 28 18:41:46 2017
courses OK
events OK
Sponsors OK
Sessions OK
Speakers OK
contents OK
Mark contents OK
LNX Images OK
Testimonials OK
End: 12 calls
Update MagentrixSun May 28 20:00:02 2017
events OK
accounts OK
Testimonials OK
end
Update salesforceSun May 28 19:01:42 2017
courses OK
events OK
Sponsors OK
Sessions OK
Speakers OK
contents OK
Mark contents OK
LNX Images OK
Testimonials OK
End: 12 calls
Update MagentrixSun May 28 20:15:02 2017
events OK
accounts OK
Testimonials OK
end
Update salesforceSun May 28 19:16:41 2017
courses OK
events OK
Sponsors OK
Sessions OK
Speakers OK
contents OK
Mark contents OK
LNX Images OK
Testimonials OK
End: 12 calls
Update MagentrixSun May 28 20:30:03 2017
events OK
accounts OK
Testimonials OK
end
Update salesforceSun May 28 19:31:53 2017
courses OK
events OK
Sponsors OK
Sessions OK
Speakers OK
contents OK
Mark contents OK
LNX Images OK
Testimonials OK
End: 12 calls
Update MagentrixSun May 28 20:45:03 2017
events OK
accounts OK
Testimonials OK
end
Update salesforceSun May 28 19:46:40 2017
courses OK
events OK
Sponsors OK
Sessions OK
Speakers OK
contents OK
Mark contents OK
LNX Images OK
Testimonials OK
End: 12 calls
Update MagentrixSun May 28 21:00:03 2017
events OK
accounts OK
Testimonials OK
end
Update salesforceSun May 28 20:01:41 2017
courses OK
events OK
Sponsors OK
Sessions OK
Speakers OK
contents OK
Mark contents OK
LNX Images OK
Testimonials OK
End: 12 calls
Update MagentrixSun May 28 21:20:02 2017
events OK
accounts OK
Testimonials OK
end
Update salesforceSun May 28 20:21:42 2017
courses OK
events OK
Sponsors OK
Sessions OK
Speakers OK
contents OK
Mark contents OK
LNX Images OK
Testimonials OK
End: 12 calls
Update MagentrixSun May 28 21:35:02 2017
events OK
accounts OK
Testimonials OK
end
Update salesforceSun May 28 20:36:53 2017
courses OK
events OK
Sponsors OK
Sessions OK
Speakers OK
contents OK
Mark contents OK
LNX Images OK
Testimonials OK
End: 12 calls
Update MagentrixSun May 28 21:50:03 2017
events OK
accounts OK
Testimonials OK
end
Update salesforceSun May 28 20:51:53 2017
courses OK
events OK
Sponsors OK
Sessions OK
Speakers OK
contents OK
Mark contents OK
LNX Images OK
Testimonials OK
End: 12 calls
Update MagentrixSun May 28 22:05:03 2017
events OK
accounts OK
Testimonials OK
end
Update salesforceSun May 28 21:06:53 2017
courses OK
events OK
Sponsors OK
Sessions OK
Speakers OK
contents OK
Mark contents OK
LNX Images OK
Testimonials OK
End: 12 calls
Update MagentrixSun May 28 22:25:03 2017
events OK
accounts OK
Testimonials OK
end
Update salesforceSun May 28 21:26:32 2017
courses OK
events OK
Sponsors OK
Sessions OK
Speakers OK
contents OK
Mark contents OK
LNX Images OK
Testimonials OK
End: 12 calls
Update MagentrixSun May 28 22:45:02 2017
events OK
accounts OK
Testimonials OK
end
Update salesforceSun May 28 21:46:32 2017
courses OK
events OK
Sponsors OK
Sessions OK
Speakers OK
contents OK
Mark contents OK
LNX Images OK
Testimonials OK
End: 12 calls
Update MagentrixSun May 28 23:00:03 2017
events OK
accounts OK
Testimonials OK
end
Update salesforceSun May 28 22:01:42 2017
courses OK
events OK
Sponsors OK
Sessions OK
Speakers OK
contents OK
Mark contents OK
LNX Images OK
Testimonials OK
End: 12 calls
Update MagentrixSun May 28 23:20:02 2017
events OK
accounts OK
Testimonials OK
end
Update salesforceSun May 28 22:21:32 2017
courses OK
events OK
Sponsors OK
Sessions OK
Speakers OK
contents OK
Mark contents OK
LNX Images OK
Testimonials OK
End: 12 calls
Update MagentrixSun May 28 23:35:02 2017
events OK
accounts OK
Testimonials OK
end
Update salesforceSun May 28 22:36:41 2017
courses OK
events OK
Sponsors OK
Sessions OK
Speakers OK
contents OK
Mark contents OK
LNX Images OK
Testimonials OK
End: 12 calls
Update MagentrixSun May 28 23:55:02 2017
events OK
accounts OK
Testimonials OK
end
Update salesforceSun May 28 22:56:41 2017
courses OK
events OK
Sponsors OK
Sessions OK
Speakers OK
contents OK
Mark contents OK
LNX Images OK
Testimonials OK
End: 12 calls
Update MagentrixMon May 29 00:10:02 2017
events OK
accounts OK
Testimonials OK
end
Update salesforceSun May 28 23:11:42 2017
courses OK
events OK
Sponsors OK
Sessions OK
Speakers OK
contents OK
Mark contents OK
LNX Images OK
Testimonials OK
End: 12 calls
Update MagentrixMon May 29 00:25:02 2017
events OK
accounts OK
Testimonials OK
end
Update salesforceSun May 28 23:26:42 2017
courses OK
events OK
Sponsors OK
Sessions OK
Speakers OK
contents OK
Mark contents OK
LNX Images OK
Testimonials OK
End: 12 calls
Update MagentrixMon May 29 00:45:02 2017
events OK
accounts OK
Testimonials OK
end
Update salesforceSun May 28 23:46:49 2017
courses OK
events OK
Sponsors OK
Sessions OK
Speakers OK
contents OK
Mark contents OK
LNX Images OK
Testimonials OK
End: 12 calls
Update MagentrixMon May 29 01:00:02 2017
events OK
accounts OK
Testimonials OK
end
Update salesforceMon May 29 00:01:38 2017
courses OK
events OK
Sponsors OK
Sessions OK
Speakers OK
contents OK
Mark contents OK
LNX Images OK
Testimonials OK
End: 12 calls
Update MagentrixMon May 29 01:20:02 2017
events OK
accounts OK
Testimonials OK
end
Update salesforceMon May 29 00:21:48 2017
courses OK
events OK
Sponsors OK
Sessions OK
Speakers OK
contents OK
Mark contents OK
LNX Images OK
Testimonials OK
End: 12 calls
Update MagentrixMon May 29 01:35:03 2017
events OK
accounts OK
Testimonials OK
end
Update salesforceMon May 29 00:36:33 2017
courses OK
events OK
Sponsors OK
Sessions OK
Speakers OK
contents OK
Mark contents OK
LNX Images OK
Testimonials OK
End: 12 calls
Update MagentrixMon May 29 01:55:02 2017
events OK
accounts OK
Testimonials OK
end
Update salesforceMon May 29 00:56:52 2017
courses OK
events OK
Sponsors OK
Sessions OK
Speakers OK
contents OK
Mark contents OK
LNX Images OK
Testimonials OK
End: 12 calls
Update MagentrixMon May 29 02:10:03 2017
events OK
accounts OK
Testimonials OK
end
Update salesforceMon May 29 01:11:44 2017
courses OK
events OK
Sponsors OK
Sessions OK
Speakers OK
contents OK
Mark contents OK
LNX Images OK
Testimonials OK
End: 12 calls
Update MagentrixMon May 29 02:30:02 2017
events OK
accounts OK
Testimonials OK
end
Update salesforceMon May 29 01:31:34 2017
courses OK
events OK
Sponsors OK
Sessions OK
Speakers OK
contents OK
Mark contents OK
LNX Images OK
Testimonials OK
End: 12 calls
Update MagentrixMon May 29 02:50:02 2017
events OK
accounts OK
Testimonials OK
end
Update salesforceMon May 29 01:51:42 2017
courses OK
events OK
Sponsors OK
Sessions OK
Speakers OK
contents OK
Mark contents OK
LNX Images OK
Testimonials OK
End: 12 calls
Update MagentrixMon May 29 03:05:02 2017
events OK
accounts OK
Testimonials OK
end
Update salesforceMon May 29 02:06:52 2017
courses OK
events OK
Sponsors OK
Sessions OK
Speakers OK
contents OK
Mark contents OK
LNX Images OK
Testimonials OK
End: 12 calls
Update MagentrixMon May 29 03:20:03 2017
events OK
accounts OK
Testimonials OK
end
Update salesforceMon May 29 02:21:42 2017
courses OK
events OK
Sponsors OK
Sessions OK
Speakers OK
contents OK
Mark contents OK
LNX Images OK
Testimonials OK
End: 12 calls
Update MagentrixMon May 29 03:40:02 2017
events OK
accounts OK
Testimonials OK
end
Update salesforceMon May 29 02:41:35 2017
courses OK
events OK
Sponsors OK
Sessions OK
Speakers OK
contents OK
Mark contents OK
LNX Images OK
Testimonials OK
End: 12 calls
Update MagentrixMon May 29 03:55:02 2017
events OK
accounts OK
Testimonials OK
end
Update salesforceMon May 29 02:56:52 2017
courses OK
events OK
Sponsors OK
Sessions OK
Speakers OK
contents OK
Mark contents OK
LNX Images OK
Testimonials OK
End: 12 calls
Update MagentrixMon May 29 04:10:02 2017
events OK
accounts OK
Testimonials OK
end
Update salesforceMon May 29 03:11:44 2017
courses OK
events OK
Sponsors OK
Sessions OK
Speakers OK
contents OK
Mark contents OK
LNX Images OK
Testimonials OK
End: 12 calls
Update MagentrixMon May 29 04:30:02 2017
events OK
accounts OK
Testimonials OK
end
Update salesforceMon May 29 03:31:33 2017
courses OK
events OK
Sponsors OK
Sessions OK
Speakers OK
contents OK
Mark contents OK
LNX Images OK
Testimonials OK
End: 12 calls
Update MagentrixMon May 29 04:45:02 2017
events OK
accounts OK
Testimonials OK
end
Update salesforceMon May 29 03:46:49 2017
courses OK
events OK
Sponsors OK
Sessions OK
Speakers OK
contents OK
Mark contents OK
LNX Images OK
Testimonials OK
End: 12 calls
Update MagentrixMon May 29 05:00:02 2017
events OK
accounts OK
Testimonials OK
end
Update salesforceMon May 29 04:01:43 2017
courses OK
events OK
Sponsors OK
Sessions OK
Speakers OK
contents OK
Mark contents OK
LNX Images OK
Testimonials OK
End: 12 calls
Update MagentrixMon May 29 05:20:02 2017
events OK
accounts OK
Testimonials OK
end
Update salesforceMon May 29 04:21:45 2017
courses OK
events OK
Sponsors OK
Sessions OK
Speakers OK
contents OK
Mark contents OK
LNX Images OK
Testimonials OK
End: 12 calls
Update MagentrixMon May 29 05:35:02 2017
events OK
accounts OK
Testimonials OK
end
Update salesforceMon May 29 04:36:44 2017
courses OK
events OK
Sponsors OK
Sessions OK
Speakers OK
contents OK
Mark contents OK
LNX Images OK
Testimonials OK
End: 12 calls
Update MagentrixMon May 29 05:50:02 2017
events OK
accounts OK
Testimonials OK
end
Update salesforceMon May 29 04:51:34 2017
courses OK
events OK
Sponsors OK
Sessions OK
Speakers OK
contents OK
Mark contents OK
LNX Images OK
Testimonials OK
End: 12 calls
Update MagentrixMon May 29 06:05:03 2017
events OK
accounts OK
Testimonials OK
end
Update salesforceMon May 29 05:06:43 2017
courses OK
events OK
Sponsors OK
Sessions OK
Speakers OK
contents OK
Mark contents OK
LNX Images OK
Testimonials OK
End: 12 calls
Update MagentrixMon May 29 06:25:02 2017
events OK
accounts OK
Testimonials OK
end
Update salesforceMon May 29 05:26:44 2017
courses OK
events OK
Sponsors OK
Sessions OK
Speakers OK
contents OK
Mark contents OK
LNX Images OK
Testimonials OK
End: 12 calls
Update MagentrixMon May 29 06:40:02 2017
events OK
accounts OK
Testimonials OK
end
Update salesforceMon May 29 05:41:55 2017
courses OK
events OK
Sponsors OK
Sessions OK
Speakers OK
contents OK
Mark contents OK
LNX Images OK
Testimonials OK
End: 12 calls
Update MagentrixMon May 29 07:00:03 2017
events OK
accounts OK
Testimonials OK
end
Update salesforceMon May 29 06:01:43 2017
courses OK
events OK
Sponsors OK
Sessions OK
Speakers OK
contents OK
Mark contents OK
LNX Images OK
Testimonials OK
End: 12 calls
Update MagentrixMon May 29 07:20:02 2017
events OK
accounts OK
Testimonials OK
end
Update salesforceMon May 29 06:21:32 2017
courses OK
events OK
Sponsors OK
Sessions OK
Speakers OK
contents OK
Mark contents OK
LNX Images OK
Testimonials OK
End: 12 calls
Update MagentrixMon May 29 07:35:02 2017
events OK
accounts OK
Testimonials OK
end
Update salesforceMon May 29 06:36:52 2017
courses OK
events OK
Sponsors OK
Sessions OK
Speakers OK
contents OK
Mark contents OK
LNX Images OK
Testimonials OK
End: 12 calls
Update MagentrixMon May 29 07:50:02 2017
events OK
accounts OK
Testimonials OK
end
Update salesforceMon May 29 06:51:43 2017
courses OK
events OK
Sponsors OK
Sessions OK
Speakers OK
contents OK
Mark contents OK
LNX Images OK
Testimonials OK
End: 12 calls
Update MagentrixMon May 29 08:10:02 2017
events OK
accounts OK
Testimonials OK
end
Update salesforceMon May 29 07:11:32 2017
courses OK
events OK
Sponsors OK
Sessions OK
Speakers OK
contents OK
Mark contents OK
LNX Images OK
Testimonials OK
End: 12 calls
Update MagentrixMon May 29 08:25:02 2017
events OK
accounts OK
Testimonials OK
end
Update salesforceMon May 29 07:26:44 2017
courses OK
events OK
Sponsors OK
Sessions OK
Speakers OK
contents OK
Mark contents OK
LNX Images OK
Testimonials OK
End: 12 calls
Update MagentrixMon May 29 08:45:02 2017
events OK
accounts OK
Testimonials OK
end
Update salesforceMon May 29 07:46:32 2017
courses OK
events OK
Sponsors OK
Sessions OK
Speakers OK
contents OK
Mark contents OK
LNX Images OK
Testimonials OK
End: 12 calls
Update MagentrixMon May 29 09:00:02 2017
events OK
accounts OK
Testimonials OK
end
Update salesforceMon May 29 08:01:44 2017
courses OK
events OK
Sponsors OK
Sessions OK
Speakers OK
contents OK
Mark contents OK
LNX Images OK
Testimonials OK
End: 12 calls
Update MagentrixMon May 29 09:20:02 2017
events OK
accounts OK
Testimonials OK
end
Update salesforceMon May 29 08:21:33 2017
courses OK
events OK
Sponsors OK
Sessions OK
Speakers OK
contents OK
Mark contents OK
LNX Images OK
Testimonials OK
End: 12 calls
Update MagentrixMon May 29 09:40:02 2017
events OK
accounts OK
Testimonials OK
end
Update salesforceMon May 29 08:41:54 2017
courses OK
events OK
Sponsors OK
Sessions OK
Speakers OK
contents OK
Mark contents OK
LNX Images OK
Testimonials OK
End: 12 calls
Update MagentrixMon May 29 09:55:02 2017
events OK
accounts OK
Testimonials OK
end
Update salesforceMon May 29 08:56:43 2017
courses OK
events OK
Sponsors OK
Sessions OK
Speakers OK
contents OK
Mark contents OK
LNX Images OK
Testimonials OK
End: 12 calls
Update MagentrixMon May 29 10:15:02 2017
events OK
accounts OK
Testimonials OK
end
Update salesforceMon May 29 09:16:33 2017
courses OK
events OK
Sponsors OK
Sessions OK
Speakers OK
contents OK
Mark contents OK
LNX Images OK
Testimonials OK
End: 12 calls
Update MagentrixMon May 29 10:30:02 2017
events OK
accounts OK
Testimonials OK
end
Update salesforceMon May 29 09:31:44 2017
courses OK
events OK
Sponsors OK
Sessions OK
Speakers OK
contents OK
Mark contents OK
LNX Images OK
Testimonials OK
End: 12 calls
Update MagentrixMon May 29 10:45:02 2017
events OK
accounts OK
Testimonials OK
end
Update salesforceMon May 29 09:46:43 2017
courses OK
events OK
Sponsors OK
Sessions OK
Speakers OK
contents OK
Mark contents OK
LNX Images OK
Testimonials OK
End: 12 calls
Update MagentrixMon May 29 11:05:02 2017
events OK
accounts OK
Testimonials OK
end
Update salesforceMon May 29 10:06:42 2017
courses OK
events OK
Sponsors OK
Sessions OK
Speakers OK
contents OK
Mark contents OK
LNX Images OK
Testimonials OK
End: 12 calls
Update MagentrixMon May 29 11:20:02 2017
events OK
accounts OK
Testimonials OK
end
Update salesforceMon May 29 10:21:52 2017
courses OK
events OK
Sponsors OK
Sessions OK
Speakers OK
contents OK
Mark contents OK
LNX Images OK
Testimonials OK
End: 12 calls
Update MagentrixMon May 29 11:35:02 2017
events OK
accounts OK
Testimonials OK
end
Update salesforceMon May 29 10:36:44 2017
courses OK
events OK
Sponsors OK
Sessions OK
Speakers OK
contents OK
Mark contents OK
LNX Images OK
Testimonials OK
End: 12 calls
Update MagentrixMon May 29 11:50:02 2017
events OK
accounts OK
Testimonials OK
end
Update salesforceMon May 29 10:51:55 2017
courses OK
events OK
Sponsors OK
Sessions OK
Speakers OK
contents OK
Mark contents OK
LNX Images OK
Testimonials OK
End: 12 calls
Update MagentrixMon May 29 12:10:02 2017
events OK
accounts OK
Testimonials OK
end
Update salesforceMon May 29 11:11:44 2017
courses OK
events OK
Sponsors OK
Sessions OK
Speakers OK
contents OK
Mark contents OK
LNX Images OK
Testimonials OK
End: 12 calls
Update MagentrixMon May 29 12:25:03 2017
events OK
accounts OK
Testimonials OK
end
Update salesforceMon May 29 11:26:46 2017
courses OK
events OK
Sponsors OK
Sessions OK
Speakers OK
contents OK
Mark contents OK
LNX Images OK
Testimonials OK
End: 12 calls
Update MagentrixMon May 29 12:45:02 2017
events OK
accounts OK
Testimonials OK
end
Update salesforceMon May 29 11:46:34 2017
courses OK
events OK
Sponsors OK
Sessions OK
Speakers OK
contents OK
Mark contents OK
LNX Images OK
Testimonials OK
End: 12 calls
Update MagentrixMon May 29 13:00:03 2017
events OK
accounts OK
Testimonials OK
end
Update salesforceMon May 29 12:01:34 2017
courses OK
events OK
Sponsors OK
Sessions OK
Speakers OK
contents OK
Mark contents OK
LNX Images OK
Testimonials OK
End: 12 calls
Update MagentrixMon May 29 13:20:03 2017
events OK
accounts OK
Testimonials OK
end
Update salesforceMon May 29 12:21:55 2017
courses OK
events OK
Sponsors OK
Sessions OK
Speakers OK
contents OK
Mark contents OK
LNX Images OK
Testimonials OK
End: 12 calls
Update MagentrixMon May 29 13:40:02 2017
events OK
accounts OK
Testimonials OK
end
Update salesforceMon May 29 12:41:36 2017
courses OK
events OK
Sponsors OK
Sessions OK
Speakers OK
contents OK
Mark contents OK
LNX Images OK
Testimonials OK
End: 12 calls
Update MagentrixMon May 29 13:55:02 2017
events OK
accounts OK
Testimonials OK
end
Update salesforceMon May 29 12:56:44 2017
courses OK
events OK
Sponsors OK
Sessions OK
Speakers OK
contents OK
Mark contents OK
LNX Images OK
Testimonials OK
End: 12 calls
Update MagentrixMon May 29 14:15:02 2017
events OK
accounts OK
Testimonials OK
end
Update salesforceMon May 29 13:16:47 2017
courses OK
events OK
Sponsors OK
Sessions OK
Speakers OK
contents OK
Mark contents OK
LNX Images OK
Testimonials OK
End: 12 calls
Update MagentrixMon May 29 14:30:02 2017
events OK
accounts OK
Testimonials OK
end
Update salesforceMon May 29 13:31:53 2017
courses OK
events OK
Sponsors OK
Sessions OK
Speakers OK
contents OK
Mark contents OK
LNX Images OK
Testimonials OK
End: 12 calls
Update MagentrixMon May 29 14:45:02 2017
events OK
accounts OK
Testimonials OK
end
Update salesforceMon May 29 13:46:46 2017
courses OK
events OK
Sponsors OK
Sessions OK
Speakers OK
contents OK
Mark contents OK
LNX Images OK
Testimonials OK
End: 12 calls
Update MagentrixMon May 29 15:00:02 2017
events OK
accounts OK
Testimonials OK
end
Update salesforceMon May 29 14:01:33 2017
courses OK
events OK
Sponsors OK
Sessions OK
Speakers OK
contents OK
Mark contents OK
LNX Images OK
Testimonials OK
End: 12 calls
Update MagentrixMon May 29 15:20:02 2017
events OK
accounts OK
Testimonials OK
end
Update salesforceMon May 29 14:21:54 2017
courses OK
events OK
Sponsors OK
Sessions OK
Speakers OK
contents OK
Mark contents OK
LNX Images OK
Testimonials OK
End: 12 calls
Update MagentrixMon May 29 15:35:02 2017
events OK
accounts OK
Testimonials OK
end
Update salesforceMon May 29 14:36:54 2017
courses OK
events OK
Sponsors OK
Sessions OK
Speakers OK
contents OK
Mark contents OK
LNX Images OK
Testimonials OK
End: 12 calls
Update MagentrixMon May 29 15:50:02 2017
events OK
accounts OK
Testimonials OK
end
Update salesforceMon May 29 14:51:46 2017
courses OK
events OK
Sponsors OK
Sessions OK
Speakers OK
contents OK
Mark contents OK
LNX Images OK
Testimonials OK
End: 12 calls
Update MagentrixMon May 29 16:10:02 2017
events OK
accounts OK
Testimonials OK
end
Update salesforceMon May 29 15:11:56 2017
courses OK
events OK
Sponsors OK
Sessions OK
Speakers OK
contents OK
Mark contents OK
LNX Images OK
Testimonials OK
End: 12 calls
Update MagentrixMon May 29 16:30:02 2017
events OK
accounts OK
Testimonials OK
end
Update salesforceMon May 29 15:31:56 2017
courses OK
events OK
Sponsors OK
Sessions OK
Speakers OK
contents OK
Mark contents OK
LNX Images OK
Testimonials OK
End: 12 calls
Update MagentrixMon May 29 16:45:02 2017
events OK
accounts OK
Testimonials OK
end
Update salesforceMon May 29 15:46:55 2017
courses OK
events OK
Sponsors OK
Sessions OK
Speakers OK
contents OK
Mark contents OK
LNX Images OK
Testimonials OK
End: 12 calls
Update MagentrixMon May 29 17:00:02 2017
events OK
accounts OK
Testimonials OK
end
Update salesforceMon May 29 16:01:45 2017
courses OK
events OK
Sponsors OK
Sessions OK
Speakers OK
contents OK
Mark contents OK
LNX Images OK
Testimonials OK
End: 12 calls
Update MagentrixMon May 29 17:15:02 2017
events OK
accounts OK
Testimonials OK
end
Update salesforceMon May 29 16:16:31 2017
courses OK
events OK
Sponsors OK
Sessions OK
Speakers OK
contents OK
Mark contents OK
LNX Images OK
Testimonials OK
End: 12 calls
Update MagentrixMon May 29 17:45:03 2017
events OK
accounts OK
Testimonials OK
end
Update salesforceMon May 29 16:46:54 2017
courses OK
events OK
Sponsors OK
Sessions OK
Speakers OK
contents OK
Mark contents OK
LNX Images OK
Testimonials OK
End: 12 calls
Update MagentrixMon May 29 18:00:03 2017
events OK
accounts OK
Testimonials OK
end
Update salesforceMon May 29 17:01:43 2017
courses OK
events OK
Sponsors OK
Sessions OK
Speakers OK
contents OK
Mark contents OK
LNX Images OK
Testimonials OK
End: 12 calls
Update MagentrixMon May 29 18:20:03 2017
events OK
accounts OK
Testimonials OK
end
Update salesforceMon May 29 17:21:54 2017
courses OK
events OK
Sponsors OK
Sessions OK
Speakers OK
contents OK
Mark contents OK
LNX Images OK
Testimonials OK
End: 12 calls
Update MagentrixMon May 29 18:40:03 2017
events OK
accounts OK
Testimonials OK
end
Update salesforceMon May 29 17:41:43 2017
courses OK
events OK
Sponsors OK
Sessions OK
Speakers OK
contents OK
Mark contents OK
LNX Images OK
Testimonials OK
End: 12 calls
Update MagentrixMon May 29 19:00:04 2017
events OK
accounts OK
Testimonials OK
end
Update salesforceMon May 29 18:01:42 2017
courses OK
events OK
Sponsors OK
Sessions OK
Speakers OK
contents OK
Mark contents OK
LNX Images OK
Testimonials OK
End: 12 calls
Update MagentrixMon May 29 19:20:02 2017
events OK
accounts OK
Testimonials OK
end
Update salesforceMon May 29 18:21:42 2017
courses OK
events OK
Sponsors OK
Sessions OK
Speakers OK
contents OK
Mark contents OK
LNX Images OK
Testimonials OK
End: 12 calls
Update MagentrixMon May 29 19:40:03 2017
events OK
accounts OK
Testimonials OK
end
Update salesforceMon May 29 18:41:33 2017
courses OK
events OK
Sponsors OK
Sessions OK
Speakers OK
contents OK
Mark contents OK
LNX Images OK
Testimonials OK
End: 12 calls
Update MagentrixMon May 29 20:00:04 2017
events OK
accounts OK
Testimonials OK
end
Update salesforceMon May 29 19:01:43 2017
courses OK
events OK
Sponsors OK
Sessions OK
Speakers OK
contents OK
Mark contents OK
LNX Images OK
Testimonials OK
End: 12 calls
Update MagentrixMon May 29 20:20:02 2017
events OK
accounts OK
Testimonials OK
end
Update salesforceMon May 29 19:21:42 2017
courses OK
events OK
Sponsors OK
Sessions OK
Speakers OK
contents OK
Mark contents OK
LNX Images OK
Testimonials OK
End: 12 calls
Update MagentrixMon May 29 20:35:03 2017
events OK
accounts OK
Testimonials OK
end
Update salesforceMon May 29 19:36:45 2017
courses OK
events OK
Sponsors OK
Sessions OK
Speakers OK
contents OK
Mark contents OK
LNX Images OK
Testimonials OK
End: 12 calls
Update MagentrixMon May 29 20:50:03 2017
events OK
accounts OK
Testimonials OK
end
Update salesforceMon May 29 19:51:42 2017
courses OK
events OK
Sponsors OK
Sessions OK
Speakers OK
contents OK
Mark contents OK
LNX Images OK
Testimonials OK
End: 12 calls
Update MagentrixMon May 29 21:10:03 2017
events OK
accounts OK
Testimonials OK
end
Update salesforceMon May 29 20:11:42 2017
courses OK
events OK
Sponsors OK
Sessions OK
Speakers OK
contents OK
Mark contents OK
LNX Images OK
Testimonials OK
End: 12 calls
Update MagentrixMon May 29 21:25:03 2017
events OK
accounts OK
Testimonials OK
end
Update salesforceMon May 29 20:26:43 2017
courses OK
events OK
Sponsors OK
Sessions OK
Speakers OK
contents OK
Mark contents OK
LNX Images OK
Testimonials OK
End: 12 calls
Update MagentrixMon May 29 21:45:02 2017
events OK
accounts OK
Testimonials OK
end
Update salesforceMon May 29 20:46:42 2017
courses OK
events OK
Sponsors OK
Sessions OK
Speakers OK
contents OK
Mark contents OK
LNX Images OK
Testimonials OK
End: 12 calls
Update MagentrixMon May 29 22:00:03 2017
events OK
accounts OK
Testimonials OK
end
Update salesforceMon May 29 21:01:41 2017
courses OK
events OK
Sponsors OK
Sessions OK
Speakers OK
contents OK
Mark contents OK
LNX Images OK
Testimonials OK
End: 12 calls
Update MagentrixMon May 29 22:20:02 2017
events OK
accounts OK
Testimonials OK
end
Update salesforceMon May 29 21:21:43 2017
courses OK
events OK
Sponsors OK
Sessions OK
Speakers OK
contents OK
Mark contents OK
LNX Images OK
Testimonials OK
End: 12 calls
Update MagentrixMon May 29 22:35:03 2017
events OK
accounts OK
Testimonials OK
end
Update salesforceMon May 29 21:36:31 2017
courses OK
events OK
Sponsors OK
Sessions OK
Speakers OK
contents OK
Mark contents OK
LNX Images OK
Testimonials OK
End: 12 calls
Update MagentrixMon May 29 22:55:02 2017
events OK
accounts OK
Testimonials OK
end
Update salesforceMon May 29 21:56:40 2017
courses OK
events OK
Sponsors OK
Sessions OK
Speakers OK
contents OK
Mark contents OK
LNX Images OK
Testimonials OK
End: 12 calls
Update MagentrixMon May 29 23:15:02 2017
events OK
accounts OK
Testimonials OK
end
Update salesforceMon May 29 22:16:42 2017
courses OK
events OK
Sponsors OK
Sessions OK
Speakers OK
contents OK
Mark contents OK
LNX Images OK
Testimonials OK
End: 12 calls
Update MagentrixMon May 29 23:30:03 2017
events OK
accounts OK
Testimonials OK
end
Update salesforceMon May 29 22:31:33 2017
courses OK
events OK
Sponsors OK
Sessions OK
Speakers OK
contents OK
Mark contents OK
LNX Images OK
Testimonials OK
End: 12 calls
Update MagentrixMon May 29 23:50:02 2017
events OK
accounts OK
Testimonials OK
end
Update salesforceMon May 29 22:51:32 2017
courses OK
events OK
Sponsors OK
Sessions OK
Speakers OK
contents OK
Mark contents OK
LNX Images OK
Testimonials OK
End: 12 calls
Update MagentrixTue May 30 00:05:03 2017
events OK
accounts OK
Testimonials OK
end
Update salesforceMon May 29 23:06:41 2017
courses OK
events OK
Sponsors OK
Sessions OK
Speakers OK
contents OK
Mark contents OK
LNX Images OK
Testimonials OK
End: 12 calls
Update MagentrixTue May 30 00:25:03 2017
events OK
accounts OK
Testimonials OK
end
Update salesforceMon May 29 23:26:32 2017
courses OK
events OK
Sponsors OK
Sessions OK
Speakers OK
contents OK
Mark contents OK
LNX Images OK
Testimonials OK
End: 12 calls
Update MagentrixTue May 30 00:45:03 2017
events OK
accounts OK
Testimonials OK
end
Update salesforceMon May 29 23:46:41 2017
courses OK
events OK
Sponsors OK
Sessions OK
Speakers OK
contents OK
Mark contents OK
LNX Images OK
Testimonials OK
End: 12 calls
Update MagentrixTue May 30 01:00:03 2017
events OK
accounts OK
Testimonials OK
end
Update salesforceTue May 30 00:01:40 2017
courses OK
events OK
Sponsors OK
Sessions OK
Speakers OK
contents OK
Mark contents OK
LNX Images OK
Testimonials OK
End: 12 calls
Update MagentrixTue May 30 01:20:03 2017
events OK
accounts OK
Testimonials OK
end
Update salesforceTue May 30 00:21:47 2017
courses OK
events OK
Sponsors OK
Sessions OK
Speakers OK
contents OK
Mark contents OK
LNX Images OK
Testimonials OK
End: 12 calls
Update MagentrixTue May 30 01:40:03 2017
events OK
accounts OK
Testimonials OK
end
Update salesforceTue May 30 00:41:42 2017
courses OK
events OK
Sponsors OK
Sessions OK
Speakers OK
contents OK
Mark contents OK
LNX Images OK
Testimonials OK
End: 12 calls
Update MagentrixTue May 30 02:00:03 2017
events OK
accounts OK
Testimonials OK
end
Update salesforceTue May 30 01:01:49 2017
courses OK
events OK
Sponsors OK
Sessions OK
Speakers OK
contents OK
Mark contents OK
LNX Images OK
Testimonials OK
End: 12 calls
Update MagentrixTue May 30 02:20:03 2017
events OK
accounts OK
Testimonials OK
end
Update salesforceTue May 30 01:21:43 2017
courses OK
events OK
Sponsors OK
Sessions OK
Speakers OK
contents OK
Mark contents OK
LNX Images OK
Testimonials OK
End: 12 calls
Update MagentrixTue May 30 02:40:02 2017
events OK
accounts OK
Testimonials OK
end
Update salesforceTue May 30 01:41:41 2017
courses OK
events OK
Sponsors OK
Sessions OK
Speakers OK
contents OK
Mark contents OK
LNX Images OK
Testimonials OK
End: 12 calls
Update MagentrixTue May 30 02:55:02 2017
events OK
accounts OK
Testimonials OK
end
Update salesforceTue May 30 01:56:51 2017
courses OK
events OK
Sponsors OK
Sessions OK
Speakers OK
contents OK
Mark contents OK
LNX Images OK
Testimonials OK
End: 12 calls
Update MagentrixTue May 30 03:10:03 2017
events OK
accounts OK
Testimonials OK
end
Update salesforceTue May 30 02:11:41 2017
courses OK
events OK
Sponsors OK
Sessions OK
Speakers OK
contents OK
Mark contents OK
LNX Images OK
Testimonials OK
End: 12 calls
Update MagentrixTue May 30 03:25:03 2017
events OK
accounts OK
Testimonials OK
end
Update salesforceTue May 30 02:26:43 2017
courses OK
events OK
Sponsors OK
Sessions OK
Speakers OK
contents OK
Mark contents OK
LNX Images OK
Testimonials OK
End: 12 calls
Update MagentrixTue May 30 03:45:03 2017
events OK
accounts OK
Testimonials OK
end
Update salesforceTue May 30 02:46:45 2017
courses OK
events OK
Sponsors OK
Sessions OK
Speakers OK
contents OK
Mark contents OK
LNX Images OK
Testimonials OK
End: 12 calls
Update MagentrixTue May 30 04:00:04 2017
events OK
accounts OK
Testimonials OK
end
Update salesforceTue May 30 03:01:41 2017
courses OK
events OK
Sponsors OK
Sessions OK
Speakers OK
contents OK
Mark contents OK
LNX Images OK
Testimonials OK
End: 12 calls
Update MagentrixTue May 30 04:20:03 2017
events OK
accounts OK
Testimonials OK
end
Update salesforceTue May 30 03:21:42 2017
courses OK
events OK
Sponsors OK
Sessions OK
Speakers OK
contents OK
Mark contents OK
LNX Images OK
Testimonials OK
End: 12 calls
Update MagentrixTue May 30 04:40:03 2017
events OK
accounts OK
Testimonials OK
end
Update salesforceTue May 30 03:41:52 2017
courses OK
events OK
Sponsors OK
Sessions OK
Speakers OK
contents OK
Mark contents OK
LNX Images OK
Testimonials OK
End: 12 calls
Update MagentrixTue May 30 04:55:03 2017
events OK
accounts OK
Testimonials OK
end
Update salesforceTue May 30 03:56:43 2017
courses OK
events OK
Sponsors OK
Sessions OK
Speakers OK
contents OK
Mark contents OK
LNX Images OK
Testimonials OK
End: 12 calls
Update MagentrixTue May 30 05:10:03 2017
events OK
accounts OK
Testimonials OK
end
Update salesforceTue May 30 04:11:32 2017
courses OK
events OK
Sponsors OK
Sessions OK
Speakers OK
contents OK
Mark contents OK
LNX Images OK
Testimonials OK
End: 12 calls
Update MagentrixTue May 30 05:25:03 2017
events OK
accounts OK
Testimonials OK
end
Update salesforceTue May 30 04:26:42 2017
courses OK
events OK
Sponsors OK
Sessions OK
Speakers OK
contents OK
Mark contents OK
LNX Images OK
Testimonials OK
End: 12 calls
Update MagentrixTue May 30 05:45:02 2017
events OK
accounts OK
Testimonials OK
end
Update salesforceTue May 30 04:46:42 2017
courses OK
events OK
Sponsors OK
Sessions OK
Speakers OK
contents OK
Mark contents OK
LNX Images OK
Testimonials OK
End: 12 calls
Update MagentrixTue May 30 06:00:03 2017
events OK
accounts OK
Testimonials OK
end
Update salesforceTue May 30 05:01:42 2017
courses OK
events OK
Sponsors OK
Sessions OK
Speakers OK
contents OK
Mark contents OK
LNX Images OK
Testimonials OK
End: 12 calls
Update MagentrixTue May 30 06:20:03 2017
events OK
accounts OK
Testimonials OK
end
Update salesforceTue May 30 05:21:44 2017
courses OK
events OK
Sponsors OK
Sessions OK
Speakers OK
contents OK
Mark contents OK
LNX Images OK
Testimonials OK
End: 12 calls
Update MagentrixTue May 30 06:40:02 2017
events OK
accounts OK
Testimonials OK
end
Update salesforceTue May 30 05:41:52 2017
courses OK
events OK
Sponsors OK
Sessions OK
Speakers OK
contents OK
Mark contents OK
LNX Images OK
Testimonials OK
End: 12 calls
Update MagentrixTue May 30 06:55:02 2017
events OK
accounts OK
Testimonials OK
end
Update salesforceTue May 30 05:56:41 2017
courses OK
events OK
Sponsors OK
Sessions OK
Speakers OK
contents OK
Mark contents OK
LNX Images OK
Testimonials OK
End: 12 calls
Update MagentrixTue May 30 07:10:03 2017
events OK
accounts OK
Testimonials OK
end
Update salesforceTue May 30 06:11:42 2017
courses OK
events OK
Sponsors OK
Sessions OK
Speakers OK
contents OK
Mark contents OK
LNX Images OK
Testimonials OK
End: 12 calls
Update MagentrixTue May 30 07:30:03 2017
events OK
accounts OK
Testimonials OK
end
Update salesforceTue May 30 06:31:31 2017
courses OK
events OK
Sponsors OK
Sessions OK
Speakers OK
contents OK
Mark contents OK
LNX Images OK
Testimonials OK
End: 12 calls
Update MagentrixTue May 30 07:50:02 2017
events OK
accounts OK
Testimonials OK
end
Update salesforceTue May 30 06:51:42 2017
courses OK
events OK
Sponsors OK
Sessions OK
Speakers OK
contents OK
Mark contents OK
LNX Images OK
Testimonials OK
End: 12 calls
Update MagentrixTue May 30 08:05:03 2017
events OK
accounts OK
Testimonials OK
end
Update salesforceTue May 30 07:06:41 2017
courses OK
events OK
Sponsors OK
Sessions OK
Speakers OK
contents OK
Mark contents OK
LNX Images OK
Testimonials OK
End: 12 calls
Update MagentrixTue May 30 08:25:03 2017
events OK
accounts OK
Testimonials OK
end
Update salesforceTue May 30 07:26:45 2017
courses OK
events OK
Sponsors OK
Sessions OK
Speakers OK
contents OK
Mark contents OK
LNX Images OK
Testimonials OK
End: 12 calls
Update MagentrixTue May 30 08:45:03 2017
events OK
accounts OK
Testimonials OK
end
Update salesforceTue May 30 07:46:43 2017
courses OK
events OK
Sponsors OK
Sessions OK
Speakers OK
contents OK
Mark contents OK
LNX Images OK
Testimonials OK
End: 12 calls
Update MagentrixTue May 30 09:00:03 2017
events OK
accounts OK
Testimonials OK
end
Update salesforceTue May 30 08:01:43 2017
courses OK
events OK
Sponsors OK
Sessions OK
Speakers OK
contents OK
Mark contents OK
LNX Images OK
Testimonials OK
End: 12 calls
Update MagentrixTue May 30 09:20:03 2017
events OK
accounts OK
Testimonials OK
end
Update salesforceTue May 30 08:21:42 2017
courses OK
events OK
Sponsors OK
Sessions OK
Speakers OK
contents OK
Mark contents OK
LNX Images OK
Testimonials OK
End: 12 calls
Update MagentrixTue May 30 09:40:03 2017
events OK
accounts OK
Testimonials OK
end
Update salesforceTue May 30 08:41:44 2017
courses OK
events OK
Sponsors OK
Sessions OK
Speakers OK
contents OK
Mark contents OK
LNX Images OK
Testimonials OK
End: 12 calls
Update MagentrixTue May 30 10:00:03 2017
events OK
accounts OK
Testimonials OK
end
Update salesforceTue May 30 09:01:41 2017
courses OK
events OK
Sponsors OK
Sessions OK
Speakers OK
contents OK
Mark contents OK
LNX Images OK
Testimonials OK
End: 12 calls
Update MagentrixTue May 30 10:20:03 2017
events OK
accounts OK
Testimonials OK
end
Update salesforceTue May 30 09:21:43 2017
courses OK
events OK
Sponsors OK
Sessions OK
Speakers OK
contents OK
Mark contents OK
LNX Images OK
Testimonials OK
End: 12 calls
Update MagentrixTue May 30 10:35:03 2017
events OK
accounts OK
Testimonials OK
end
Update salesforceTue May 30 09:36:43 2017
courses OK
events OK
Sponsors OK
Sessions OK
Speakers OK
contents OK
Mark contents OK
LNX Images OK
Testimonials OK
End: 12 calls
Update MagentrixTue May 30 10:55:03 2017
events OK
accounts OK
Testimonials OK
end
Update salesforceTue May 30 09:56:44 2017
courses OK
events OK
Sponsors OK
Sessions OK
Speakers OK
contents OK
Mark contents OK
LNX Images OK
Testimonials OK
End: 12 calls
Update MagentrixTue May 30 11:15:02 2017
events OK
accounts OK
Testimonials OK
end
Update salesforceTue May 30 10:16:53 2017
courses OK
events OK
Sponsors OK
Sessions OK
Speakers OK
contents OK
Mark contents OK
LNX Images OK
Testimonials OK
End: 12 calls
Update MagentrixTue May 30 11:35:03 2017
events OK
accounts OK
Testimonials OK
end
Update salesforceTue May 30 10:36:43 2017
courses OK
events OK
Sponsors OK
Sessions OK
Speakers OK
contents OK
Mark contents OK
LNX Images OK
Testimonials OK
End: 12 calls
Update MagentrixTue May 30 11:50:03 2017
events OK
accounts OK
Testimonials OK
end
Update salesforceTue May 30 10:51:54 2017
courses OK
events OK
Sponsors OK
Sessions OK
Speakers OK
contents OK
Mark contents OK
LNX Images OK
Testimonials OK
End: 12 calls
Update MagentrixTue May 30 12:10:02 2017
events OK
accounts OK
Testimonials OK
end
Update salesforceTue May 30 11:11:52 2017
courses OK
events OK
Sponsors OK
Sessions OK
Speakers OK
contents OK
Mark contents OK
LNX Images OK
Testimonials OK
End: 12 calls
Update MagentrixTue May 30 12:25:03 2017
events OK
accounts OK
Testimonials OK
end
Update salesforceTue May 30 11:26:44 2017
courses OK
events OK
Sponsors OK
Sessions OK
Speakers OK
contents OK
Mark contents OK
LNX Images OK
Testimonials OK
End: 12 calls
Update MagentrixTue May 30 12:45:03 2017
events OK
accounts OK
Testimonials OK
end
Update salesforceTue May 30 11:46:41 2017
courses OK
events OK
Sponsors OK
Sessions OK
Speakers OK
contents OK
Mark contents OK
LNX Images OK
Testimonials OK
End: 12 calls
Update MagentrixTue May 30 13:00:03 2017
events OK
accounts OK
Testimonials OK
end
Update salesforceTue May 30 12:01:41 2017
courses OK
events OK
Sponsors OK
Sessions OK
Speakers OK
contents OK
Mark contents OK
LNX Images OK
Testimonials OK
End: 12 calls
Update MagentrixTue May 30 13:20:02 2017
events OK
accounts OK
Testimonials OK
end
Update salesforceTue May 30 12:21:40 2017
courses OK
events OK
Sponsors OK
Sessions OK
Speakers OK
contents OK
Mark contents OK
LNX Images OK
Testimonials OK
End: 12 calls
Update MagentrixTue May 30 13:35:02 2017
events OK
accounts OK
Testimonials OK
end
Update salesforceTue May 30 12:36:30 2017
courses OK
events OK
Sponsors OK
Sessions OK
Speakers OK
contents OK
Mark contents OK
LNX Images OK
Testimonials OK
End: 12 calls
Update MagentrixTue May 30 13:50:03 2017
events OK
accounts OK
Testimonials OK
end
Update salesforceTue May 30 12:51:41 2017
courses OK
events OK
Sponsors OK
Sessions OK
Speakers OK
contents OK
Mark contents OK
LNX Images OK
Testimonials OK
End: 12 calls
Update MagentrixTue May 30 14:10:02 2017
events OK
accounts OK
Testimonials OK
end
Update salesforceTue May 30 13:11:42 2017
courses OK
events OK
Sponsors OK
Sessions OK
Speakers OK
contents OK
Mark contents OK
LNX Images OK
Testimonials OK
End: 12 calls
Update MagentrixTue May 30 14:25:02 2017
events OK
accounts OK
Testimonials OK
end
Update salesforceTue May 30 13:26:50 2017
courses OK
events OK
Sponsors OK
Sessions OK
Speakers OK
contents OK
Mark contents OK
LNX Images OK
Testimonials OK
End: 12 calls
Update MagentrixTue May 30 14:45:02 2017
events OK
accounts OK
Testimonials OK
end
Update salesforceTue May 30 13:46:45 2017
courses OK
events OK
Sponsors OK
Sessions OK
Speakers OK
contents OK
Mark contents OK
LNX Images OK
Testimonials OK
End: 12 calls
Update MagentrixTue May 30 15:00:03 2017
events OK
accounts OK
Testimonials OK
end
Update salesforceTue May 30 14:01:31 2017
courses OK
events OK
Sponsors OK
Sessions OK
Speakers OK
contents OK
Mark contents OK
LNX Images OK
Testimonials OK
End: 12 calls
Update MagentrixTue May 30 15:15:03 2017
events OK
accounts OK
Testimonials OK
end
Update salesforceTue May 30 14:16:32 2017
courses OK
events OK
Sponsors OK
Sessions OK
Speakers OK
contents OK
Mark contents OK
LNX Images OK
Testimonials OK
End: 12 calls
Update MagentrixTue May 30 15:35:03 2017
events OK
accounts OK
Testimonials OK
end
Update salesforceTue May 30 14:36:31 2017
courses OK
events OK
Sponsors OK
Sessions OK
Speakers OK
contents OK
Mark contents OK
LNX Images OK
Testimonials OK
End: 12 calls
Update MagentrixTue May 30 15:55:03 2017
events OK
accounts OK
Testimonials OK
end
Update salesforceTue May 30 14:56:40 2017
courses OK
events OK
Sponsors OK
Sessions OK
Speakers OK
contents OK
Mark contents OK
LNX Images OK
Testimonials OK
End: 12 calls
Update MagentrixTue May 30 16:10:03 2017
events OK
accounts OK
Testimonials OK
end
Update salesforceTue May 30 15:11:41 2017
courses OK
events OK
Sponsors OK
Sessions OK
Speakers OK
contents OK
Mark contents OK
LNX Images OK
Testimonials OK
End: 12 calls
Update MagentrixTue May 30 16:25:03 2017
events OK
accounts OK
Testimonials OK
end
Update salesforceTue May 30 15:26:41 2017
courses OK
events OK
Sponsors OK
Sessions OK
Speakers OK
contents OK
Mark contents OK
LNX Images OK
Testimonials OK
End: 12 calls
Update MagentrixTue May 30 16:40:03 2017
events OK
accounts OK
Testimonials OK
end
Update salesforceTue May 30 15:41:42 2017
courses OK
events OK
Sponsors OK
Sessions OK
Speakers OK
contents OK
Mark contents OK
LNX Images OK
Testimonials OK
End: 12 calls
Update MagentrixTue May 30 16:55:03 2017
events OK
accounts OK
Testimonials OK
end
Update salesforceTue May 30 15:56:41 2017
courses OK
events OK
Sponsors OK
Sessions OK
Speakers OK
contents OK
Mark contents OK
LNX Images OK
Testimonials OK
End: 12 calls
Update MagentrixTue May 30 17:15:03 2017
events OK
accounts OK
Testimonials OK
end
Update salesforceTue May 30 16:16:41 2017
courses OK
events OK
Sponsors OK
Sessions OK
Speakers OK
contents OK
Mark contents OK
LNX Images OK
Testimonials OK
End: 12 calls
Update MagentrixTue May 30 17:35:02 2017
events OK
accounts OK
Testimonials OK
end
Update salesforceTue May 30 16:36:40 2017
courses OK
events OK
Sponsors OK
Sessions OK
Speakers OK
contents OK
Mark contents OK
LNX Images OK
Testimonials OK
End: 12 calls
Update MagentrixTue May 30 17:50:02 2017
events OK
accounts OK
Testimonials OK
end
Update salesforceTue May 30 16:51:30 2017
courses OK
events OK
Sponsors OK
Sessions OK
Speakers OK
contents OK
Mark contents OK
LNX Images OK
Testimonials OK
End: 12 calls
Update MagentrixTue May 30 18:05:03 2017
events OK
accounts OK
Testimonials OK
end
Update salesforceTue May 30 17:06:52 2017
courses OK
events OK
Sponsors OK
Sessions OK
Speakers OK
contents OK
Mark contents OK
LNX Images OK
Testimonials OK
End: 12 calls
Update MagentrixTue May 30 18:25:03 2017
events OK
accounts OK
Testimonials OK
end
Update salesforceTue May 30 17:26:32 2017
courses OK
events OK
Sponsors OK
Sessions OK
Speakers OK
contents OK
Mark contents OK
LNX Images OK
Testimonials OK
End: 12 calls
Update MagentrixTue May 30 18:40:03 2017
events OK
accounts OK
Testimonials OK
end
Update salesforceTue May 30 17:41:31 2017
courses OK
events OK
Sponsors OK
Sessions OK
Speakers OK
contents OK
Mark contents OK
LNX Images OK
Testimonials OK
End: 12 calls
Update MagentrixTue May 30 19:00:04 2017
events OK
accounts OK
Testimonials OK
end
Update salesforceTue May 30 18:01:42 2017
courses OK
events OK
Sponsors OK
Sessions OK
Speakers OK
contents OK
Mark contents OK
LNX Images OK
Testimonials OK
End: 12 calls
Update MagentrixTue May 30 19:20:02 2017
events OK
accounts OK
Testimonials OK
end
Update salesforceTue May 30 18:21:32 2017
courses OK
events OK
Sponsors OK
Sessions OK
Speakers OK
contents OK
Mark contents OK
LNX Images OK
Testimonials OK
End: 12 calls
Update MagentrixTue May 30 19:35:03 2017
events OK
accounts OK
Testimonials OK
end
Update salesforceTue May 30 18:36:54 2017
courses OK
events OK
Sponsors OK
Sessions OK
Speakers OK
contents OK
Mark contents OK
LNX Images OK
Testimonials OK
End: 12 calls
Update MagentrixTue May 30 19:55:03 2017
events OK
accounts OK
Testimonials OK
end
Update salesforceTue May 30 18:56:31 2017
courses OK
events OK
Sponsors OK
Sessions OK
Speakers OK
contents OK
Mark contents OK
LNX Images OK
Testimonials OK
End: 12 calls
Update MagentrixTue May 30 20:10:03 2017
events OK
accounts OK
Testimonials OK
end
Update salesforceTue May 30 19:11:33 2017
courses OK
events OK
Sponsors OK
Sessions OK
Speakers OK
contents OK
Mark contents OK
LNX Images OK
Testimonials OK
End: 12 calls
Update MagentrixTue May 30 20:30:03 2017
events OK
accounts OK
Testimonials OK
end
Update salesforceTue May 30 19:31:53 2017
courses OK
events OK
Sponsors OK
Sessions OK
Speakers OK
contents OK
Mark contents OK
LNX Images OK
Testimonials OK
End: 12 calls
Update MagentrixTue May 30 20:45:03 2017
events OK
accounts OK
Testimonials OK
end
Update salesforceTue May 30 19:46:43 2017
courses OK
events OK
Sponsors OK
Sessions OK
Speakers OK
contents OK
Mark contents OK
LNX Images OK
Testimonials OK
End: 12 calls
Update MagentrixTue May 30 21:00:03 2017
events OK
accounts OK
Testimonials OK
end
Update salesforceTue May 30 20:01:46 2017
courses OK
events OK
Sponsors OK
Sessions OK
Speakers OK
contents OK
Mark contents OK
LNX Images OK
Testimonials OK
End: 12 calls
Update MagentrixTue May 30 21:20:02 2017
events OK
accounts OK
Testimonials OK
end
Update salesforceTue May 30 20:21:54 2017
courses OK
events OK
Sponsors OK
Sessions OK
Speakers OK
contents OK
Mark contents OK
LNX Images OK
Testimonials OK
End: 12 calls
Update MagentrixTue May 30 21:35:03 2017
events OK
accounts OK
Testimonials OK
end
Update salesforceTue May 30 20:36:42 2017
courses OK
events OK
Sponsors OK
Sessions OK
Speakers OK
contents OK
Mark contents OK
LNX Images OK
Testimonials OK
End: 12 calls
Update MagentrixTue May 30 21:50:03 2017
events OK
accounts OK
Testimonials OK
end
Update salesforceTue May 30 20:51:46 2017
courses OK
events OK
Sponsors OK
Sessions OK
Speakers OK
contents OK
Mark contents OK
LNX Images OK
Testimonials OK
End: 12 calls
Update MagentrixTue May 30 22:10:03 2017
events OK
accounts OK
Testimonials OK
end
Update salesforceTue May 30 21:11:32 2017
courses OK
events OK
Sponsors OK
Sessions OK
Speakers OK
contents OK
Mark contents OK
LNX Images OK
Testimonials OK
End: 12 calls
Update MagentrixTue May 30 22:30:03 2017
events OK
accounts OK
Testimonials OK
end
Update salesforceTue May 30 21:31:44 2017
courses OK
events OK
Sponsors OK
Sessions OK
Speakers OK
contents OK
Mark contents OK
LNX Images OK
Testimonials OK
End: 12 calls
Update MagentrixTue May 30 22:45:03 2017
events OK
accounts OK
Testimonials OK
end
Update salesforceTue May 30 21:46:53 2017
courses OK
events OK
Sponsors OK
Sessions OK
Speakers OK
contents OK
Mark contents OK
LNX Images OK
Testimonials OK
End: 12 calls
Update MagentrixTue May 30 23:05:03 2017
events OK
accounts OK
Testimonials OK
end
Update salesforceTue May 30 22:06:31 2017
courses OK
events OK
Sponsors OK
Sessions OK
Speakers OK
contents OK
Mark contents OK
LNX Images OK
Testimonials OK
End: 12 calls
Update MagentrixTue May 30 23:25:02 2017
events OK
accounts OK
Testimonials OK
end
Update salesforceTue May 30 22:26:44 2017
courses OK
events OK
Sponsors OK
Sessions OK
Speakers OK
contents OK
Mark contents OK
LNX Images OK
Testimonials OK
End: 12 calls
Update MagentrixTue May 30 23:40:03 2017
events OK
accounts OK
Testimonials OK
end
Update salesforceTue May 30 22:41:42 2017
courses OK
events OK
Sponsors OK
Sessions OK
Speakers OK
contents OK
Mark contents OK
LNX Images OK
Testimonials OK
End: 12 calls
Update MagentrixWed May 31 00:00:03 2017
events OK
accounts OK
Testimonials OK
end
Update salesforceTue May 30 23:01:53 2017
courses OK
events OK
Sponsors OK
Sessions OK
Speakers OK
contents OK
Mark contents OK
LNX Images OK
Testimonials OK
End: 12 calls
Update MagentrixWed May 31 00:20:02 2017
events OK
accounts OK
Testimonials OK
end
Update salesforceTue May 30 23:21:44 2017
courses OK
events OK
Sponsors OK
Sessions OK
Speakers OK
contents OK
Mark contents OK
LNX Images OK
Testimonials OK
End: 12 calls
Update MagentrixWed May 31 00:40:03 2017
events OK
accounts OK
Testimonials OK
end
Update salesforceTue May 30 23:41:51 2017
courses OK
events OK
Sponsors OK
Sessions OK
Speakers OK
contents OK
Mark contents OK
LNX Images OK
Testimonials OK
End: 12 calls
Update MagentrixWed May 31 01:00:03 2017
events OK
accounts OK
Testimonials OK
end
Update salesforceWed May 31 00:01:43 2017
courses OK
events OK
Sponsors OK
Sessions OK
Speakers OK
contents OK
Mark contents OK
LNX Images OK
Testimonials OK
End: 12 calls
Update MagentrixWed May 31 01:20:03 2017
events OK
accounts OK
Testimonials OK
end
Update salesforceWed May 31 00:21:44 2017
courses OK
events OK
Sponsors OK
Sessions OK
Speakers OK
contents OK
Mark contents OK
LNX Images OK
Testimonials OK
End: 12 calls
Update MagentrixWed May 31 01:40:03 2017
events OK
accounts OK
Testimonials OK
end
Update salesforceWed May 31 00:41:54 2017
courses OK
events OK
Sponsors OK
Sessions OK
Speakers OK
contents OK
Mark contents OK
LNX Images OK
Testimonials OK
End: 12 calls
Update MagentrixWed May 31 01:55:03 2017
events OK
accounts OK
Testimonials OK
end
Update salesforceWed May 31 00:56:42 2017
courses OK
events OK
Sponsors OK
Sessions OK
Speakers OK
contents OK
Mark contents OK
LNX Images OK
Testimonials OK
End: 12 calls
Update MagentrixWed May 31 02:15:03 2017
events OK
accounts OK
Testimonials OK
end
Update salesforceWed May 31 01:16:52 2017
courses OK
events OK
Sponsors OK
Sessions OK
Speakers OK
contents OK
Mark contents OK
LNX Images OK
Testimonials OK
End: 12 calls
Update MagentrixWed May 31 02:35:03 2017
events OK
accounts OK
Testimonials OK
end
Update salesforceWed May 31 01:36:50 2017
courses OK
events OK
Sponsors OK
Sessions OK
Speakers OK
contents OK
Mark contents OK
LNX Images OK
Testimonials OK
End: 12 calls
Update MagentrixWed May 31 02:55:03 2017
events OK
accounts OK
Testimonials OK
end
Update salesforceWed May 31 01:56:30 2017
courses OK
events OK
Sponsors OK
Sessions OK
Speakers OK
contents OK
Mark contents OK
LNX Images OK
Testimonials OK
End: 12 calls
Update MagentrixWed May 31 03:15:02 2017
events OK
accounts OK
Testimonials OK
end
Update salesforceWed May 31 02:16:52 2017
courses OK
events OK
Sponsors OK
Sessions OK
Speakers OK
contents OK
Mark contents OK
LNX Images OK
Testimonials OK
End: 12 calls
Update MagentrixWed May 31 03:30:03 2017
events OK
accounts OK
Testimonials OK
end
Update salesforceWed May 31 02:31:54 2017
courses OK
events OK
Sponsors OK
Sessions OK
Speakers OK
contents OK
Mark contents OK
LNX Images OK
Testimonials OK
End: 12 calls
Update MagentrixWed May 31 03:45:03 2017
events OK
accounts OK
Testimonials OK
end
Update salesforceWed May 31 02:46:41 2017
courses OK
events OK
Sponsors OK
Sessions OK
Speakers OK
contents OK
Mark contents OK
LNX Images OK
Testimonials OK
End: 12 calls
Update MagentrixWed May 31 04:00:03 2017
events OK
accounts OK
Testimonials OK
end
Update salesforceWed May 31 03:01:45 2017
courses OK
events OK
Sponsors OK
Sessions OK
Speakers OK
contents OK
Mark contents OK
LNX Images OK
Testimonials OK
End: 12 calls
Update MagentrixWed May 31 04:20:03 2017
events OK
accounts OK
Testimonials OK
end
Update salesforceWed May 31 03:21:31 2017
courses OK
events OK
Sponsors OK
Sessions OK
Speakers OK
contents OK
Mark contents OK
LNX Images OK
Testimonials OK
End: 12 calls
Update MagentrixWed May 31 04:40:03 2017
events OK
accounts OK
Testimonials OK
end
Update salesforceWed May 31 03:41:41 2017
courses OK
events OK
Sponsors OK
Sessions OK
Speakers OK
contents OK
Mark contents OK
LNX Images OK
Testimonials OK
End: 12 calls
Update MagentrixWed May 31 05:00:03 2017
events OK
accounts OK
Testimonials OK
end
Update salesforceWed May 31 04:01:52 2017
courses OK
events OK
Sponsors OK
Sessions OK
Speakers OK
contents OK
Mark contents OK
LNX Images OK
Testimonials OK
End: 12 calls
Update MagentrixWed May 31 05:20:02 2017
events OK
accounts OK
Testimonials OK
end
Update salesforceWed May 31 04:21:51 2017
courses OK
events OK
Sponsors OK
Sessions OK
Speakers OK
contents OK
Mark contents OK
LNX Images OK
Testimonials OK
End: 12 calls
Update MagentrixWed May 31 05:35:03 2017
events OK
accounts OK
Testimonials OK
end
Update salesforceWed May 31 04:36:42 2017
courses OK
events OK
Sponsors OK
Sessions OK
Speakers OK
contents OK
Mark contents OK
LNX Images OK
Testimonials OK
End: 12 calls
Update MagentrixWed May 31 05:55:02 2017
events OK
accounts OK
Testimonials OK
end
Update salesforceWed May 31 04:56:32 2017
courses OK
events OK
Sponsors OK
Sessions OK
Speakers OK
contents OK
Mark contents OK
LNX Images OK
Testimonials OK
End: 12 calls
Update MagentrixWed May 31 06:10:03 2017
events OK
accounts OK
Testimonials OK
end
Update salesforceWed May 31 05:11:31 2017
courses OK
events OK
Sponsors OK
Sessions OK
Speakers OK
contents OK
Mark contents OK
LNX Images OK
Testimonials OK
End: 12 calls
Update MagentrixWed May 31 06:25:03 2017
events OK
accounts OK
Testimonials OK
end
Update salesforceWed May 31 05:26:42 2017
courses OK
events OK
Sponsors OK
Sessions OK
Speakers OK
contents OK
Mark contents OK
LNX Images OK
Testimonials OK
End: 12 calls
Update MagentrixWed May 31 06:40:03 2017
events OK
accounts OK
Testimonials OK
end
Update salesforceWed May 31 05:41:43 2017
courses OK
events OK
Sponsors OK
Sessions OK
Speakers OK
contents OK
Mark contents OK
LNX Images OK
Testimonials OK
End: 12 calls
Update MagentrixWed May 31 07:00:04 2017
events OK
accounts OK
Testimonials OK
end
Update salesforceWed May 31 06:01:40 2017
courses OK
events OK
Sponsors OK
Sessions OK
Speakers OK
contents OK
Mark contents OK
LNX Images OK
Testimonials OK
End: 12 calls
Update MagentrixWed May 31 07:20:03 2017
events OK
accounts OK
Testimonials OK
end
Update salesforceWed May 31 06:21:43 2017
courses OK
events OK
Sponsors OK
Sessions OK
Speakers OK
contents OK
Mark contents OK
LNX Images OK
Testimonials OK
End: 12 calls
Update MagentrixWed May 31 07:40:03 2017
events OK
accounts OK
Testimonials OK
end
Update salesforceWed May 31 06:41:54 2017
courses OK
events OK
Sponsors OK
Sessions OK
Speakers OK
contents OK
Mark contents OK
LNX Images OK
Testimonials OK
End: 12 calls
Update MagentrixWed May 31 08:00:04 2017
events OK
accounts OK
Testimonials OK
end
Update salesforceWed May 31 07:01:50 2017
courses OK
events OK
Sponsors OK
Sessions OK
Speakers OK
contents OK
Mark contents OK
LNX Images OK
Testimonials OK
End: 12 calls
Update MagentrixWed May 31 08:20:02 2017
events OK
accounts OK
Testimonials OK
end
Update salesforceWed May 31 07:21:52 2017
courses OK
events OK
Sponsors OK
Sessions OK
Speakers OK
contents OK
Mark contents OK
LNX Images OK
Testimonials OK
End: 12 calls
Update MagentrixWed May 31 08:35:03 2017
events OK
accounts OK
Testimonials OK
end
Update salesforceWed May 31 07:36:49 2017
courses OK
events OK
Sponsors OK
Sessions OK
Speakers OK
contents OK
Mark contents OK
LNX Images OK
Testimonials OK
End: 12 calls
Update MagentrixWed May 31 08:55:03 2017
events OK
accounts OK
Testimonials OK
end
Update salesforceWed May 31 07:56:56 2017
courses OK
events OK
Sponsors OK
Sessions OK
Speakers OK
contents OK
Mark contents OK
LNX Images OK
Testimonials OK
End: 12 calls
Update MagentrixWed May 31 09:10:03 2017
events OK
accounts OK
Testimonials OK
end
Update salesforceWed May 31 08:11:55 2017
courses OK
events OK
Sponsors OK
Sessions OK
Speakers OK
contents OK
Mark contents OK
LNX Images OK
Testimonials OK
End: 12 calls
Update MagentrixWed May 31 09:30:03 2017
events OK
accounts OK
Testimonials OK
end
Update salesforceWed May 31 08:31:51 2017
courses OK
events OK
Sponsors OK
Sessions OK
Speakers OK
contents OK
Mark contents OK
LNX Images OK
Testimonials OK
End: 12 calls
Update MagentrixWed May 31 09:50:03 2017
events OK
accounts OK
Testimonials OK
end
Update salesforceWed May 31 08:51:41 2017
courses OK
events OK
Sponsors OK
Sessions OK
Speakers OK
contents OK
Mark contents OK
LNX Images OK
Testimonials OK
End: 12 calls
Update MagentrixWed May 31 10:10:03 2017
events OK
accounts OK
Testimonials OK
end
Update salesforceWed May 31 09:11:41 2017
courses OK
events OK
Sponsors OK
Sessions OK
Speakers OK
contents OK
Mark contents OK
LNX Images OK
Testimonials OK
End: 12 calls
Update MagentrixWed May 31 10:25:03 2017
events OK
accounts OK
Testimonials OK
end
Update salesforceWed May 31 09:26:45 2017
courses OK
events OK
Sponsors OK
Sessions OK
Speakers OK
contents OK
Mark contents OK
LNX Images OK
Testimonials OK
End: 12 calls
Update MagentrixWed May 31 10:45:03 2017
events OK
accounts OK
Testimonials OK
end
Update salesforceWed May 31 09:46:45 2017
courses OK
events OK
Sponsors OK
Sessions OK
Speakers OK
contents OK
Mark contents OK
LNX Images OK
Testimonials OK
End: 12 calls
Update MagentrixWed May 31 11:00:03 2017
events OK
accounts OK
Testimonials OK
end
Update salesforceWed May 31 10:01:33 2017
courses OK
events OK
Sponsors OK
Sessions OK
Speakers OK
contents OK
Mark contents OK
LNX Images OK
Testimonials OK
End: 12 calls
Update MagentrixWed May 31 11:20:02 2017
events OK
accounts OK
Testimonials OK
end
Update salesforceWed May 31 10:21:43 2017
courses OK
events OK
Sponsors OK
Sessions OK
Speakers OK
contents OK
Mark contents OK
LNX Images OK
Testimonials OK
End: 12 calls
Update MagentrixWed May 31 11:35:03 2017
events OK
accounts OK
Testimonials OK
end
Update salesforceWed May 31 10:36:42 2017
courses OK
events OK
Sponsors OK
Sessions OK
Speakers OK
contents OK
Mark contents OK
LNX Images OK
Testimonials OK
End: 12 calls
Update MagentrixWed May 31 11:55:02 2017
events OK
accounts OK
Testimonials OK
end
Update salesforceWed May 31 10:56:52 2017
courses OK
events OK
Sponsors OK
Sessions OK
Speakers OK
contents OK
Mark contents OK
LNX Images OK
Testimonials OK
End: 12 calls
Update MagentrixWed May 31 12:10:03 2017
events OK
accounts OK
Testimonials OK
end
Update salesforceWed May 31 11:11:42 2017
courses OK
events OK
Sponsors OK
Sessions OK
Speakers OK
contents OK
Mark contents OK
LNX Images OK
Testimonials OK
End: 12 calls
Update MagentrixWed May 31 12:25:03 2017
events OK
accounts OK
Testimonials OK
end
Update salesforceWed May 31 11:26:41 2017
courses OK
events OK
Sponsors OK
Sessions OK
Speakers OK
contents OK
Mark contents OK
LNX Images OK
Testimonials OK
End: 12 calls
Update MagentrixWed May 31 12:45:02 2017
events OK
accounts OK
Testimonials OK
end
Update salesforceWed May 31 11:46:41 2017
courses OK
events OK
Sponsors OK
Sessions OK
Speakers OK
contents OK
Mark contents OK
LNX Images OK
Testimonials OK
End: 12 calls
Update MagentrixWed May 31 13:00:03 2017
events OK
accounts OK
Testimonials OK
end
Update salesforceWed May 31 12:01:35 2017
courses OK
events OK
Sponsors OK
Sessions OK
Speakers OK
contents OK
Mark contents OK
LNX Images OK
Testimonials OK
End: 12 calls
Update MagentrixWed May 31 13:20:03 2017
events OK
accounts OK
Testimonials OK
end
Update salesforceWed May 31 12:21:53 2017
courses OK
events OK
Sponsors OK
Sessions OK
Speakers OK
contents OK
Mark contents OK
LNX Images OK
Testimonials OK
End: 12 calls
Update MagentrixWed May 31 13:35:03 2017
events OK
accounts OK
Testimonials OK
end
Update salesforceWed May 31 12:36:44 2017
courses OK
events OK
Sponsors OK
Sessions OK
Speakers OK
contents OK
Mark contents OK
LNX Images OK
Testimonials OK
End: 12 calls
Update MagentrixWed May 31 13:50:03 2017
events OK
accounts OK
Testimonials OK
end
Update salesforceWed May 31 12:51:42 2017
courses OK
events OK
Sponsors OK
Sessions OK
Speakers OK
contents OK
Mark contents OK
LNX Images OK
Testimonials OK
End: 12 calls
Update MagentrixWed May 31 14:10:03 2017
events OK
accounts OK
Testimonials OK
end
Update salesforceWed May 31 13:11:44 2017
courses OK
events OK
Sponsors OK
Sessions OK
Speakers OK
contents OK
Mark contents OK
LNX Images OK
Testimonials OK
End: 12 calls
Update MagentrixWed May 31 14:25:03 2017
events OK
accounts OK
Testimonials OK
end
Update salesforceWed May 31 13:26:44 2017
courses OK
events OK
Sponsors OK
Sessions OK
Speakers OK
contents OK
Mark contents OK
LNX Images OK
Testimonials OK
End: 12 calls
Update MagentrixWed May 31 14:40:03 2017
events OK
accounts OK
Testimonials OK
end
Update salesforceWed May 31 13:41:32 2017
courses OK
events OK
Sponsors OK
Sessions OK
Speakers OK
contents OK
Mark contents OK
LNX Images OK
Testimonials OK
End: 12 calls
Update MagentrixWed May 31 15:00:03 2017
events OK
accounts OK
Testimonials OK
end
Update salesforceWed May 31 14:01:47 2017
courses OK
events OK
Sponsors OK
Sessions OK
Speakers OK
contents OK
Mark contents OK
LNX Images OK
Testimonials OK
End: 12 calls
Update MagentrixWed May 31 15:20:03 2017
events OK
accounts OK
Testimonials OK
end
Update salesforceWed May 31 14:21:57 2017
courses OK
events OK
Sponsors OK
Sessions OK
Speakers OK
contents OK
Mark contents OK
LNX Images OK
Testimonials OK
End: 12 calls
Update MagentrixWed May 31 15:35:03 2017
events OK
accounts OK
Testimonials OK
end
Update salesforceWed May 31 14:36:54 2017
courses OK
events OK
Sponsors OK
Sessions OK
Speakers OK
contents OK
Mark contents OK
LNX Images OK
Testimonials OK
End: 12 calls
Update MagentrixWed May 31 15:55:03 2017
events OK
accounts OK
Testimonials OK
end
Update salesforceWed May 31 14:56:53 2017
courses OK
events OK
Sponsors OK
Sessions OK
Speakers OK
contents OK
Mark contents OK
LNX Images OK
Testimonials OK
End: 12 calls
Update MagentrixWed May 31 16:15:02 2017
events OK
accounts OK
Testimonials OK
end
Update salesforceWed May 31 15:16:41 2017
courses OK
events OK
Sponsors OK
Sessions OK
Speakers OK
contents OK
Mark contents OK
LNX Images OK
Testimonials OK
End: 12 calls
Update MagentrixWed May 31 16:30:03 2017
events OK
accounts OK
Testimonials OK
end
Update salesforceWed May 31 15:31:45 2017
courses OK
events OK
Sponsors OK
Sessions OK
Speakers OK
contents OK
Mark contents OK
LNX Images OK
Testimonials OK
End: 12 calls
Update MagentrixWed May 31 16:50:03 2017
events OK
accounts OK
Testimonials OK
end
Update salesforceWed May 31 15:51:41 2017
courses OK
events OK
Sponsors OK
Sessions OK
Speakers OK
contents OK
Mark contents OK
LNX Images OK
Testimonials OK
End: 12 calls
Update MagentrixWed May 31 17:05:03 2017
events OK
accounts OK
Testimonials OK
end
Update salesforceWed May 31 16:06:42 2017
courses OK
events OK
Sponsors OK
Sessions OK
Speakers OK
contents OK
Mark contents OK
LNX Images OK
Testimonials OK
End: 12 calls
Update MagentrixWed May 31 17:25:03 2017
events OK
accounts OK
Testimonials OK
end
Update salesforceWed May 31 16:26:54 2017
courses OK
events OK
Sponsors OK
Sessions OK
Speakers OK
contents OK
Mark contents OK
LNX Images OK
Testimonials OK
End: 12 calls
Update MagentrixWed May 31 17:45:03 2017
events OK
accounts OK
Testimonials OK
end
Update salesforceWed May 31 16:46:51 2017
courses OK
events OK
Sponsors OK
Sessions OK
Speakers OK
contents OK
Mark contents OK
LNX Images OK
Testimonials OK
End: 12 calls
Update MagentrixWed May 31 18:00:03 2017
events OK
accounts OK
Testimonials OK
end
Update salesforceWed May 31 17:01:42 2017
courses OK
events OK
Sponsors OK
Sessions OK
Speakers OK
contents OK
Mark contents OK
LNX Images OK
Testimonials OK
End: 12 calls
Update MagentrixWed May 31 18:20:02 2017
events OK
accounts OK
Testimonials OK
end
Update salesforceWed May 31 17:21:42 2017
courses OK
events OK
Sponsors OK
Sessions OK
Speakers OK
contents OK
Mark contents OK
LNX Images OK
Testimonials OK
End: 12 calls
Update MagentrixWed May 31 18:35:03 2017
events OK
accounts OK
Testimonials OK
end
Update salesforceWed May 31 17:36:30 2017
courses OK
events OK
Sponsors OK
Sessions OK
Speakers OK
contents OK
Mark contents OK
LNX Images OK
Testimonials OK
End: 12 calls
Update MagentrixWed May 31 18:50:03 2017
events OK
accounts OK
Testimonials OK
end
Update salesforceWed May 31 17:51:43 2017
courses OK
events OK
Sponsors OK
Sessions OK
Speakers OK
contents OK
Mark contents OK
LNX Images OK
Testimonials OK
End: 12 calls
Update MagentrixWed May 31 19:05:03 2017
events OK
accounts OK
Testimonials OK
end
Update salesforceWed May 31 18:06:43 2017
courses OK
events OK
Sponsors OK
Sessions OK
Speakers OK
contents OK
Mark contents OK
LNX Images OK
Testimonials OK
End: 12 calls
Update MagentrixWed May 31 19:20:03 2017
events OK
accounts OK
Testimonials OK
end
Update salesforceWed May 31 18:21:44 2017
courses OK
events OK
Sponsors OK
Sessions OK
Speakers OK
contents OK
Mark contents OK
LNX Images OK
Testimonials OK
End: 12 calls
Update MagentrixWed May 31 19:40:02 2017
events OK
accounts OK
Testimonials OK
end
Update salesforceWed May 31 18:41:44 2017
courses OK
events OK
Sponsors OK
Sessions OK
Speakers OK
contents OK
Mark contents OK
LNX Images OK
Testimonials OK
End: 12 calls
